[debug] [2018-02-27T18:31:26.062Z] ----------------------------------------------------------------------
[debug] [2018-02-27T18:31:26.066Z] Command:       C:\Program Files\nodejs\node.exe C:\Users\sgarc10\AppData\Roaming\npm\node_modules\firebase-tools\bin\firebase deploy --only functions
[debug] [2018-02-27T18:31:26.066Z] CLI Version:   3.17.4
[debug] [2018-02-27T18:31:26.066Z] Platform:      win32
[debug] [2018-02-27T18:31:26.066Z] Node Version:  v8.9.4
[debug] [2018-02-27T18:31:26.070Z] Time:          Tue Feb 27 2018 15:31:26 GMT-0300 (SA Eastern Standard Time)
[debug] [2018-02-27T18:31:26.070Z] ----------------------------------------------------------------------
[debug] 
[debug] [2018-02-27T18:31:26.104Z] > command requires scopes: ["email","openid","https://www.googleapis.com/auth/cloudplatformprojects.readonly","https://www.googleapis.com/auth/firebase","https://www.googleapis.com/auth/cloud-platform"]
[debug] [2018-02-27T18:31:26.104Z] > authorizing via signed-in user
[debug] [2018-02-27T18:31:26.104Z] >>> HTTP REQUEST GET https://admin.firebase.com/v1/projects/friend-service-15f6e  
  
 Tue Feb 27 2018 15:31:26 GMT-0300 (SA Eastern Standard Time)
[debug] [2018-02-27T18:31:29.440Z] <<< HTTP RESPONSE 200
[debug] [2018-02-27T18:31:29.441Z] >>> HTTP REQUEST GET https://admin.firebase.com/v1/database/friend-service-15f6e/tokens  
  
 Tue Feb 27 2018 15:31:29 GMT-0300 (SA Eastern Standard Time)
[debug] [2018-02-27T18:31:56.580Z] <<< HTTP RESPONSE 200
[info] 
[info] === Deploying to 'friend-service-15f6e'...
[info] 
[info] i  deploying functions
[info] Running command: npm --prefix ./functions run lint
[info] Running command: npm --prefix ./functions run build
[info] +  functions: Finished running predeploy script.
[debug] [2018-02-27T18:32:12.634Z] > [functions] package.json contents: {
  "name": "functions",
  "scripts": {
    "lint": "./node_modules/.bin/tslint -p tslint.json",
    "build": "./node_modules/.bin/tsc",
    "serve": "npm run build && firebase serve --only functions",
    "shell": "npm run build && firebase experimental:functions:shell",
    "start": "npm run shell",
    "deploy": "firebase deploy --only functions",
    "logs": "firebase functions:log"
  },
  "main": "lib/index.js",
  "dependencies": {
    "firebase-admin": "~5.8.1",
    "firebase-functions": "^0.8.1"
  },
  "devDependencies": {
    "tslint": "^5.8.0",
    "typescript": "^2.5.3"
  },
  "private": true
}
[info] i  functions: ensuring necessary APIs are enabled...
[debug] [2018-02-27T18:32:12.640Z] >>> HTTP REQUEST GET https://servicemanagement.googleapis.com/v1/services/cloudfunctions.googleapis.com/projectSettings/friend-service-15f6e?view=CONSUMER_VIEW  
  
 Tue Feb 27 2018 15:32:12 GMT-0300 (SA Eastern Standard Time)
[debug] [2018-02-27T18:32:12.641Z] >>> HTTP REQUEST GET https://servicemanagement.googleapis.com/v1/services/runtimeconfig.googleapis.com/projectSettings/friend-service-15f6e?view=CONSUMER_VIEW  
  
 Tue Feb 27 2018 15:32:12 GMT-0300 (SA Eastern Standard Time)
[debug] [2018-02-27T18:32:14.755Z] <<< HTTP RESPONSE 200
[debug] [2018-02-27T18:32:14.894Z] <<< HTTP RESPONSE 200
[info] +  functions: all necessary APIs are enabled
[debug] [2018-02-27T18:32:14.894Z] >>> HTTP REQUEST GET https://appengine.googleapis.com/v1/apps/friend-service-15f6e  
  
 Tue Feb 27 2018 15:32:14 GMT-0300 (SA Eastern Standard Time)
[debug] [2018-02-27T18:32:14.894Z] >>> HTTP REQUEST GET https://apikeys.googleapis.com/v1/projects/friend-service-15f6e/apiKeys  
  
 Tue Feb 27 2018 15:32:14 GMT-0300 (SA Eastern Standard Time)
[debug] [2018-02-27T18:32:16.007Z] <<< HTTP RESPONSE 200
[debug] [2018-02-27T18:32:16.195Z] <<< HTTP RESPONSE 200
[info] i  functions: preparing functions directory for uploading...
[debug] [2018-02-27T18:32:16.195Z] >>> HTTP REQUEST GET https://runtimeconfig.googleapis.com/v1beta1/projects/friend-service-15f6e/configs  
  
 Tue Feb 27 2018 15:32:16 GMT-0300 (SA Eastern Standard Time)
[debug] [2018-02-27T18:32:16.714Z] <<< HTTP RESPONSE 200
[info] i  functions: packaged functions (44.84 KB) for uploading
[debug] [2018-02-27T18:32:20.575Z] >>> HTTP REQUEST GET https://www.googleapis.com/storage/v1/b/staging.friend-service-15f6e.appspot.com  
  
 Tue Feb 27 2018 15:32:20 GMT-0300 (SA Eastern Standard Time)
[debug] [2018-02-27T18:32:21.392Z] <<< HTTP RESPONSE 200
[debug] [2018-02-27T18:32:21.392Z] >>> HTTP REQUEST POST https://www.googleapis.com/upload/storage/v1/b/staging.friend-service-15f6e.appspot.com/o?uploadType=media&name=firebase-functions-source  
 ReadStream {
  _readableState: 
   ReadableState {
     objectMode: false,
     highWaterMark: 65536,
     buffer: BufferList { head: [Object], tail: [Object], length: 1 },
     length: 45916,
     pipes: null,
     pipesCount: 0,
     flowing: null,
     ended: true,
     endEmitted: false,
     reading: false,
     sync: false,
     needReadable: false,
     emittedReadable: true,
     readableListening: false,
     resumeScheduled: false,
     destroyed: false,
     defaultEncoding: 'utf8',
     awaitDrain: 0,
     readingMore: false,
     decoder: null,
     encoding: null },
  readable: true,
  domain: null,
  _events: { end: [Function] },
  _eventsCount: 1,
  _maxListeners: undefined,
  path: 'C:\\Users\\sgarc10\\AppData\\Local\\Temp\\firebase-functions-8864a6xLCWDM5OCU.zip',
  fd: 6,
  flags: 'r',
  mode: 438,
  start: undefined,
  end: undefined,
  autoClose: true,
  pos: undefined,
  bytesRead: 45916 } 
 Tue Feb 27 2018 15:32:21 GMT-0300 (SA Eastern Standard Time)
[debug] [2018-02-27T18:32:22.181Z] <<< HTTP RESPONSE 200
[info] +  functions: functions folder uploaded successfully
[debug] [2018-02-27T18:32:22.181Z] >>> HTTP REQUEST GET https://cloudfunctions.googleapis.com/v1/projects/friend-service-15f6e/locations/us-central1/functions  
  
 Tue Feb 27 2018 15:32:22 GMT-0300 (SA Eastern Standard Time)
[debug] [2018-02-27T18:32:22.717Z] <<< HTTP RESPONSE 200
[info] i  functions: creating function recalculateRelationsOnWrite...
[debug] [2018-02-27T18:32:22.717Z] Trigger is:  {"eventTrigger":{"resource":"projects/friend-service-15f6e/databases/(default)/documents/users/{userId}/expenses/{expenseId}","eventType":"providers/cloud.firestore/eventTypes/document.write"}}
[info] i  functions: updating function addExpense...
[debug] [2018-02-27T18:32:22.717Z] Trigger is:  {"eventTrigger":{"resource":"projects/friend-service-15f6e/databases/(default)/documents/expenses/{expenseId}","eventType":"providers/cloud.firestore/eventTypes/document.create"}}
[info] i  functions: updating function delExpense...
[debug] [2018-02-27T18:32:22.717Z] Trigger is:  {"eventTrigger":{"resource":"projects/friend-service-15f6e/databases/(default)/documents/expenses/{expenseId}","eventType":"providers/cloud.firestore/eventTypes/document.delete"}}
[info] i  functions: updating function addUserToExpense...
[debug] [2018-02-27T18:32:22.717Z] Trigger is:  {"eventTrigger":{"resource":"projects/friend-service-15f6e/databases/(default)/documents/expenses/{expenseId}/users/{userId}","eventType":"providers/cloud.firestore/eventTypes/document.create"}}
[info] i  functions: updating function deleteUserToExpense...
[debug] [2018-02-27T18:32:22.717Z] Trigger is:  {"eventTrigger":{"resource":"projects/friend-service-15f6e/databases/(default)/documents/expenses/{expenseId}/users/{userId}","eventType":"providers/cloud.firestore/eventTypes/document.delete"}}
[info] i  functions: deleting function recalculateRelationsC...
[info] i  functions: deleting function recalculateRelationsD...
[info] i  functions: deleting function recalculateRelationsU...
[debug] [2018-02-27T18:32:22.733Z] >>> HTTP REQUEST POST https://cloudfunctions.googleapis.com/v1/projects/friend-service-15f6e/locations/us-central1/functions  
 { sourceArchiveUrl: 'gs://staging.friend-service-15f6e.appspot.com/firebase-functions-source',
  name: 'projects/friend-service-15f6e/locations/us-central1/functions/recalculateRelationsOnWrite',
  entryPoint: 'recalculateRelationsOnWrite',
  labels: { 'deployment-tool': 'cli-firebase' },
  eventTrigger: 
   { resource: 'projects/friend-service-15f6e/databases/(default)/documents/users/{userId}/expenses/{expenseId}',
     eventType: 'providers/cloud.firestore/eventTypes/document.write' } } 
 Tue Feb 27 2018 15:32:22 GMT-0300 (SA Eastern Standard Time)
[debug] [2018-02-27T18:32:22.733Z] >>> HTTP REQUEST PATCH https://cloudfunctions.googleapis.com/v1/projects/friend-service-15f6e/locations/us-central1/functions/addExpense 
query params: {"updateMask":"sourceArchiveUrl,name,labels,eventTrigger.resource,eventTrigger.eventType"} 
 { sourceArchiveUrl: 'gs://staging.friend-service-15f6e.appspot.com/firebase-functions-source',
  name: 'projects/friend-service-15f6e/locations/us-central1/functions/addExpense',
  labels: { 'deployment-tool': 'cli-firebase' },
  eventTrigger: 
   { resource: 'projects/friend-service-15f6e/databases/(default)/documents/expenses/{expenseId}',
     eventType: 'providers/cloud.firestore/eventTypes/document.create' } } 
 Tue Feb 27 2018 15:32:22 GMT-0300 (SA Eastern Standard Time)
[debug] [2018-02-27T18:32:22.733Z] >>> HTTP REQUEST PATCH https://cloudfunctions.googleapis.com/v1/projects/friend-service-15f6e/locations/us-central1/functions/delExpense 
query params: {"updateMask":"sourceArchiveUrl,name,labels,eventTrigger.resource,eventTrigger.eventType"} 
 { sourceArchiveUrl: 'gs://staging.friend-service-15f6e.appspot.com/firebase-functions-source',
  name: 'projects/friend-service-15f6e/locations/us-central1/functions/delExpense',
  labels: { 'deployment-tool': 'cli-firebase' },
  eventTrigger: 
   { resource: 'projects/friend-service-15f6e/databases/(default)/documents/expenses/{expenseId}',
     eventType: 'providers/cloud.firestore/eventTypes/document.delete' } } 
 Tue Feb 27 2018 15:32:22 GMT-0300 (SA Eastern Standard Time)
[debug] [2018-02-27T18:32:22.733Z] >>> HTTP REQUEST PATCH https://cloudfunctions.googleapis.com/v1/projects/friend-service-15f6e/locations/us-central1/functions/addUserToExpense 
query params: {"updateMask":"sourceArchiveUrl,name,labels,eventTrigger.resource,eventTrigger.eventType"} 
 { sourceArchiveUrl: 'gs://staging.friend-service-15f6e.appspot.com/firebase-functions-source',
  name: 'projects/friend-service-15f6e/locations/us-central1/functions/addUserToExpense',
  labels: { 'deployment-tool': 'cli-firebase' },
  eventTrigger: 
   { resource: 'projects/friend-service-15f6e/databases/(default)/documents/expenses/{expenseId}/users/{userId}',
     eventType: 'providers/cloud.firestore/eventTypes/document.create' } } 
 Tue Feb 27 2018 15:32:22 GMT-0300 (SA Eastern Standard Time)
[debug] [2018-02-27T18:32:22.733Z] >>> HTTP REQUEST PATCH https://cloudfunctions.googleapis.com/v1/projects/friend-service-15f6e/locations/us-central1/functions/deleteUserToExpense 
query params: {"updateMask":"sourceArchiveUrl,name,labels,eventTrigger.resource,eventTrigger.eventType"} 
 { sourceArchiveUrl: 'gs://staging.friend-service-15f6e.appspot.com/firebase-functions-source',
  name: 'projects/friend-service-15f6e/locations/us-central1/functions/deleteUserToExpense',
  labels: { 'deployment-tool': 'cli-firebase' },
  eventTrigger: 
   { resource: 'projects/friend-service-15f6e/databases/(default)/documents/expenses/{expenseId}/users/{userId}',
     eventType: 'providers/cloud.firestore/eventTypes/document.delete' } } 
 Tue Feb 27 2018 15:32:22 GMT-0300 (SA Eastern Standard Time)
[debug] [2018-02-27T18:32:22.733Z] >>> HTTP REQUEST DELETE https://cloudfunctions.googleapis.com/v1/projects/friend-service-15f6e/locations/us-central1/functions/recalculateRelationsC  
  
 Tue Feb 27 2018 15:32:22 GMT-0300 (SA Eastern Standard Time)
[debug] [2018-02-27T18:32:22.733Z] >>> HTTP REQUEST DELETE https://cloudfunctions.googleapis.com/v1/projects/friend-service-15f6e/locations/us-central1/functions/recalculateRelationsD  
  
 Tue Feb 27 2018 15:32:22 GMT-0300 (SA Eastern Standard Time)
[debug] [2018-02-27T18:32:22.733Z] >>> HTTP REQUEST DELETE https://cloudfunctions.googleapis.com/v1/projects/friend-service-15f6e/locations/us-central1/functions/recalculateRelationsU  
  
 Tue Feb 27 2018 15:32:22 GMT-0300 (SA Eastern Standard Time)
[debug] [2018-02-27T18:32:23.099Z] <<< HTTP RESPONSE 200
[debug] [2018-02-27T18:32:23.150Z] <<< HTTP RESPONSE 200
[debug] [2018-02-27T18:32:23.816Z] <<< HTTP RESPONSE 200
[debug] [2018-02-27T18:32:23.832Z] <<< HTTP RESPONSE 200
[debug] [2018-02-27T18:32:23.832Z] <<< HTTP RESPONSE 200
[debug] [2018-02-27T18:32:23.832Z] <<< HTTP RESPONSE 200
[debug] [2018-02-27T18:32:23.855Z] <<< HTTP RESPONSE 200
[debug] [2018-02-27T18:32:23.861Z] <<< HTTP RESPONSE 200
[debug] [2018-02-27T18:32:23.863Z] >>> HTTP REQUEST GET https://cloudfunctions.googleapis.com/v1/operations/ZnJpZW5kLXNlcnZpY2UtMTVmNmUvdXMtY2VudHJhbDEvcmVjYWxjdWxhdGVSZWxhdGlvbnNPbldyaXRlL2lNUkFuUmZrS180  
  
 Tue Feb 27 2018 15:32:23 GMT-0300 (SA Eastern Standard Time)
[debug] [2018-02-27T18:32:23.864Z] >>> HTTP REQUEST GET https://cloudfunctions.googleapis.com/v1/operations/ZnJpZW5kLXNlcnZpY2UtMTVmNmUvdXMtY2VudHJhbDEvYWRkRXhwZW5zZS81cEhMSkJ0RWFWRQ  
  
 Tue Feb 27 2018 15:32:23 GMT-0300 (SA Eastern Standard Time)
[debug] [2018-02-27T18:32:23.864Z] >>> HTTP REQUEST GET https://cloudfunctions.googleapis.com/v1/operations/ZnJpZW5kLXNlcnZpY2UtMTVmNmUvdXMtY2VudHJhbDEvZGVsRXhwZW5zZS9rZUstNUNmSFVZaw  
  
 Tue Feb 27 2018 15:32:23 GMT-0300 (SA Eastern Standard Time)
[debug] [2018-02-27T18:32:23.864Z] >>> HTTP REQUEST GET https://cloudfunctions.googleapis.com/v1/operations/ZnJpZW5kLXNlcnZpY2UtMTVmNmUvdXMtY2VudHJhbDEvYWRkVXNlclRvRXhwZW5zZS9Ob2ZMV284alptYw  
  
 Tue Feb 27 2018 15:32:23 GMT-0300 (SA Eastern Standard Time)
[debug] [2018-02-27T18:32:23.867Z] >>> HTTP REQUEST GET https://cloudfunctions.googleapis.com/v1/operations/ZnJpZW5kLXNlcnZpY2UtMTVmNmUvdXMtY2VudHJhbDEvZGVsZXRlVXNlclRvRXhwZW5zZS9JMDJvakh6NzQydw  
  
 Tue Feb 27 2018 15:32:23 GMT-0300 (SA Eastern Standard Time)
[debug] [2018-02-27T18:32:23.868Z] >>> HTTP REQUEST GET https://cloudfunctions.googleapis.com/v1/operations/ZnJpZW5kLXNlcnZpY2UtMTVmNmUvdXMtY2VudHJhbDEvcmVjYWxjdWxhdGVSZWxhdGlvbnNDL1Z3YU9laVNkNFlj  
  
 Tue Feb 27 2018 15:32:23 GMT-0300 (SA Eastern Standard Time)
[debug] [2018-02-27T18:32:23.868Z] >>> HTTP REQUEST GET https://cloudfunctions.googleapis.com/v1/operations/ZnJpZW5kLXNlcnZpY2UtMTVmNmUvdXMtY2VudHJhbDEvcmVjYWxjdWxhdGVSZWxhdGlvbnNEL3k1TFplSVJkVzlF  
  
 Tue Feb 27 2018 15:32:23 GMT-0300 (SA Eastern Standard Time)
[debug] [2018-02-27T18:32:23.868Z] >>> HTTP REQUEST GET https://cloudfunctions.googleapis.com/v1/operations/ZnJpZW5kLXNlcnZpY2UtMTVmNmUvdXMtY2VudHJhbDEvcmVjYWxjdWxhdGVSZWxhdGlvbnNVL0w3NTB0R2U5R0pJ  
  
 Tue Feb 27 2018 15:32:23 GMT-0300 (SA Eastern Standard Time)
[debug] [2018-02-27T18:32:24.272Z] <<< HTTP RESPONSE 200
[debug] [2018-02-27T18:32:24.287Z] <<< HTTP RESPONSE 200
[debug] [2018-02-27T18:32:24.287Z] <<< HTTP RESPONSE 200
[debug] [2018-02-27T18:32:24.287Z] <<< HTTP RESPONSE 200
[debug] [2018-02-27T18:32:24.972Z] <<< HTTP RESPONSE 200
[debug] [2018-02-27T18:32:24.974Z] <<< HTTP RESPONSE 200
[debug] [2018-02-27T18:32:24.990Z] <<< HTTP RESPONSE 200
[debug] [2018-02-27T18:32:24.990Z] <<< HTTP RESPONSE 200
[debug] [2018-02-27T18:32:26.286Z] >>> HTTP REQUEST GET https://cloudfunctions.googleapis.com/v1/operations/ZnJpZW5kLXNlcnZpY2UtMTVmNmUvdXMtY2VudHJhbDEvZGVsZXRlVXNlclRvRXhwZW5zZS9JMDJvakh6NzQydw  
  
 Tue Feb 27 2018 15:32:26 GMT-0300 (SA Eastern Standard Time)
[debug] [2018-02-27T18:32:26.287Z] >>> HTTP REQUEST GET https://cloudfunctions.googleapis.com/v1/operations/ZnJpZW5kLXNlcnZpY2UtMTVmNmUvdXMtY2VudHJhbDEvcmVjYWxjdWxhdGVSZWxhdGlvbnNEL3k1TFplSVJkVzlF  
  
 Tue Feb 27 2018 15:32:26 GMT-0300 (SA Eastern Standard Time)
[debug] [2018-02-27T18:32:26.288Z] >>> HTTP REQUEST GET https://cloudfunctions.googleapis.com/v1/operations/ZnJpZW5kLXNlcnZpY2UtMTVmNmUvdXMtY2VudHJhbDEvcmVjYWxjdWxhdGVSZWxhdGlvbnNPbldyaXRlL2lNUkFuUmZrS180  
  
 Tue Feb 27 2018 15:32:26 GMT-0300 (SA Eastern Standard Time)
[debug] [2018-02-27T18:32:26.290Z] >>> HTTP REQUEST GET https://cloudfunctions.googleapis.com/v1/operations/ZnJpZW5kLXNlcnZpY2UtMTVmNmUvdXMtY2VudHJhbDEvcmVjYWxjdWxhdGVSZWxhdGlvbnNVL0w3NTB0R2U5R0pJ  
  
 Tue Feb 27 2018 15:32:26 GMT-0300 (SA Eastern Standard Time)
[debug] [2018-02-27T18:32:26.711Z] <<< HTTP RESPONSE 200
[debug] [2018-02-27T18:32:26.711Z] <<< HTTP RESPONSE 200
[debug] [2018-02-27T18:32:26.973Z] >>> HTTP REQUEST GET https://cloudfunctions.googleapis.com/v1/operations/ZnJpZW5kLXNlcnZpY2UtMTVmNmUvdXMtY2VudHJhbDEvYWRkRXhwZW5zZS81cEhMSkJ0RWFWRQ  
  
 Tue Feb 27 2018 15:32:26 GMT-0300 (SA Eastern Standard Time)
[debug] [2018-02-27T18:32:26.977Z] >>> HTTP REQUEST GET https://cloudfunctions.googleapis.com/v1/operations/ZnJpZW5kLXNlcnZpY2UtMTVmNmUvdXMtY2VudHJhbDEvZGVsRXhwZW5zZS9rZUstNUNmSFVZaw  
  
 Tue Feb 27 2018 15:32:26 GMT-0300 (SA Eastern Standard Time)
[debug] [2018-02-27T18:32:26.995Z] >>> HTTP REQUEST GET https://cloudfunctions.googleapis.com/v1/operations/ZnJpZW5kLXNlcnZpY2UtMTVmNmUvdXMtY2VudHJhbDEvcmVjYWxjdWxhdGVSZWxhdGlvbnNDL1Z3YU9laVNkNFlj  
  
 Tue Feb 27 2018 15:32:26 GMT-0300 (SA Eastern Standard Time)
[debug] [2018-02-27T18:32:27.016Z] >>> HTTP REQUEST GET https://cloudfunctions.googleapis.com/v1/operations/ZnJpZW5kLXNlcnZpY2UtMTVmNmUvdXMtY2VudHJhbDEvYWRkVXNlclRvRXhwZW5zZS9Ob2ZMV284alptYw  
  
 Tue Feb 27 2018 15:32:27 GMT-0300 (SA Eastern Standard Time)
[debug] [2018-02-27T18:32:27.283Z] <<< HTTP RESPONSE 200
[debug] [2018-02-27T18:32:27.310Z] <<< HTTP RESPONSE 200
[debug] [2018-02-27T18:32:28.121Z] <<< HTTP RESPONSE 200
[debug] [2018-02-27T18:32:28.121Z] <<< HTTP RESPONSE 200
[debug] [2018-02-27T18:32:28.237Z] <<< HTTP RESPONSE 200
[debug] [2018-02-27T18:32:28.237Z] <<< HTTP RESPONSE 200
[debug] [2018-02-27T18:32:28.722Z] >>> HTTP REQUEST GET https://cloudfunctions.googleapis.com/v1/operations/ZnJpZW5kLXNlcnZpY2UtMTVmNmUvdXMtY2VudHJhbDEvcmVjYWxjdWxhdGVSZWxhdGlvbnNEL3k1TFplSVJkVzlF  
  
 Tue Feb 27 2018 15:32:28 GMT-0300 (SA Eastern Standard Time)
[debug] [2018-02-27T18:32:28.722Z] >>> HTTP REQUEST GET https://cloudfunctions.googleapis.com/v1/operations/ZnJpZW5kLXNlcnZpY2UtMTVmNmUvdXMtY2VudHJhbDEvcmVjYWxjdWxhdGVSZWxhdGlvbnNPbldyaXRlL2lNUkFuUmZrS180  
  
 Tue Feb 27 2018 15:32:28 GMT-0300 (SA Eastern Standard Time)
[debug] [2018-02-27T18:32:29.003Z] <<< HTTP RESPONSE 200
[debug] [2018-02-27T18:32:29.283Z] >>> HTTP REQUEST GET https://cloudfunctions.googleapis.com/v1/operations/ZnJpZW5kLXNlcnZpY2UtMTVmNmUvdXMtY2VudHJhbDEvZGVsZXRlVXNlclRvRXhwZW5zZS9JMDJvakh6NzQydw  
  
 Tue Feb 27 2018 15:32:29 GMT-0300 (SA Eastern Standard Time)
[debug] [2018-02-27T18:32:29.308Z] >>> HTTP REQUEST GET https://cloudfunctions.googleapis.com/v1/operations/ZnJpZW5kLXNlcnZpY2UtMTVmNmUvdXMtY2VudHJhbDEvcmVjYWxjdWxhdGVSZWxhdGlvbnNVL0w3NTB0R2U5R0pJ  
  
 Tue Feb 27 2018 15:32:29 GMT-0300 (SA Eastern Standard Time)
[debug] [2018-02-27T18:32:29.737Z] <<< HTTP RESPONSE 200
[debug] [2018-02-27T18:32:30.131Z] >>> HTTP REQUEST GET https://cloudfunctions.googleapis.com/v1/operations/ZnJpZW5kLXNlcnZpY2UtMTVmNmUvdXMtY2VudHJhbDEvYWRkRXhwZW5zZS81cEhMSkJ0RWFWRQ  
  
 Tue Feb 27 2018 15:32:30 GMT-0300 (SA Eastern Standard Time)
[debug] [2018-02-27T18:32:30.132Z] >>> HTTP REQUEST GET https://cloudfunctions.googleapis.com/v1/operations/ZnJpZW5kLXNlcnZpY2UtMTVmNmUvdXMtY2VudHJhbDEvZGVsRXhwZW5zZS9rZUstNUNmSFVZaw  
  
 Tue Feb 27 2018 15:32:30 GMT-0300 (SA Eastern Standard Time)
[debug] [2018-02-27T18:32:30.242Z] >>> HTTP REQUEST GET https://cloudfunctions.googleapis.com/v1/operations/ZnJpZW5kLXNlcnZpY2UtMTVmNmUvdXMtY2VudHJhbDEvcmVjYWxjdWxhdGVSZWxhdGlvbnNDL1Z3YU9laVNkNFlj  
  
 Tue Feb 27 2018 15:32:30 GMT-0300 (SA Eastern Standard Time)
[debug] [2018-02-27T18:32:30.252Z] >>> HTTP REQUEST GET https://cloudfunctions.googleapis.com/v1/operations/ZnJpZW5kLXNlcnZpY2UtMTVmNmUvdXMtY2VudHJhbDEvYWRkVXNlclRvRXhwZW5zZS9Ob2ZMV284alptYw  
  
 Tue Feb 27 2018 15:32:30 GMT-0300 (SA Eastern Standard Time)
[debug] [2018-02-27T18:32:30.283Z] <<< HTTP RESPONSE 200
[debug] [2018-02-27T18:32:30.304Z] <<< HTTP RESPONSE 200
[debug] [2018-02-27T18:32:30.707Z] <<< HTTP RESPONSE 200
[debug] [2018-02-27T18:32:31.009Z] >>> HTTP REQUEST GET https://cloudfunctions.googleapis.com/v1/operations/ZnJpZW5kLXNlcnZpY2UtMTVmNmUvdXMtY2VudHJhbDEvcmVjYWxjdWxhdGVSZWxhdGlvbnNEL3k1TFplSVJkVzlF  
  
 Tue Feb 27 2018 15:32:31 GMT-0300 (SA Eastern Standard Time)
[debug] [2018-02-27T18:32:31.181Z] <<< HTTP RESPONSE 200
[debug] [2018-02-27T18:32:31.287Z] <<< HTTP RESPONSE 200
[debug] [2018-02-27T18:32:31.305Z] <<< HTTP RESPONSE 200
[info] +  functions[recalculateRelationsC]: Successful delete operation. 
[debug] [2018-02-27T18:32:31.748Z] >>> HTTP REQUEST GET https://cloudfunctions.googleapis.com/v1/operations/ZnJpZW5kLXNlcnZpY2UtMTVmNmUvdXMtY2VudHJhbDEvcmVjYWxjdWxhdGVSZWxhdGlvbnNPbldyaXRlL2lNUkFuUmZrS180  
  
 Tue Feb 27 2018 15:32:31 GMT-0300 (SA Eastern Standard Time)
[debug] [2018-02-27T18:32:32.166Z] <<< HTTP RESPONSE 200
[debug] [2018-02-27T18:32:32.285Z] >>> HTTP REQUEST GET https://cloudfunctions.googleapis.com/v1/operations/ZnJpZW5kLXNlcnZpY2UtMTVmNmUvdXMtY2VudHJhbDEvZGVsZXRlVXNlclRvRXhwZW5zZS9JMDJvakh6NzQydw  
  
 Tue Feb 27 2018 15:32:32 GMT-0300 (SA Eastern Standard Time)
[debug] [2018-02-27T18:32:32.316Z] >>> HTTP REQUEST GET https://cloudfunctions.googleapis.com/v1/operations/ZnJpZW5kLXNlcnZpY2UtMTVmNmUvdXMtY2VudHJhbDEvcmVjYWxjdWxhdGVSZWxhdGlvbnNVL0w3NTB0R2U5R0pJ  
  
 Tue Feb 27 2018 15:32:32 GMT-0300 (SA Eastern Standard Time)
[debug] [2018-02-27T18:32:32.701Z] >>> HTTP REQUEST GET https://cloudfunctions.googleapis.com/v1/operations/ZnJpZW5kLXNlcnZpY2UtMTVmNmUvdXMtY2VudHJhbDEvYWRkVXNlclRvRXhwZW5zZS9Ob2ZMV284alptYw  
  
 Tue Feb 27 2018 15:32:32 GMT-0300 (SA Eastern Standard Time)
[debug] [2018-02-27T18:32:32.701Z] <<< HTTP RESPONSE 200
[debug] [2018-02-27T18:32:33.069Z] <<< HTTP RESPONSE 200
[debug] [2018-02-27T18:32:33.181Z] >>> HTTP REQUEST GET https://cloudfunctions.googleapis.com/v1/operations/ZnJpZW5kLXNlcnZpY2UtMTVmNmUvdXMtY2VudHJhbDEvZGVsRXhwZW5zZS9rZUstNUNmSFVZaw  
  
 Tue Feb 27 2018 15:32:33 GMT-0300 (SA Eastern Standard Time)
[debug] [2018-02-27T18:32:33.286Z] >>> HTTP REQUEST GET https://cloudfunctions.googleapis.com/v1/operations/ZnJpZW5kLXNlcnZpY2UtMTVmNmUvdXMtY2VudHJhbDEvcmVjYWxjdWxhdGVSZWxhdGlvbnNEL3k1TFplSVJkVzlF  
  
 Tue Feb 27 2018 15:32:33 GMT-0300 (SA Eastern Standard Time)
[debug] [2018-02-27T18:32:33.286Z] <<< HTTP RESPONSE 200
[debug] [2018-02-27T18:32:33.626Z] <<< HTTP RESPONSE 200
[debug] [2018-02-27T18:32:33.638Z] <<< HTTP RESPONSE 200
[debug] [2018-02-27T18:32:34.167Z] >>> HTTP REQUEST GET https://cloudfunctions.googleapis.com/v1/operations/ZnJpZW5kLXNlcnZpY2UtMTVmNmUvdXMtY2VudHJhbDEvcmVjYWxjdWxhdGVSZWxhdGlvbnNPbldyaXRlL2lNUkFuUmZrS180  
  
 Tue Feb 27 2018 15:32:34 GMT-0300 (SA Eastern Standard Time)
[debug] [2018-02-27T18:32:34.438Z] <<< HTTP RESPONSE 200
[debug] [2018-02-27T18:32:34.711Z] >>> HTTP REQUEST GET https://cloudfunctions.googleapis.com/v1/operations/ZnJpZW5kLXNlcnZpY2UtMTVmNmUvdXMtY2VudHJhbDEvcmVjYWxjdWxhdGVSZWxhdGlvbnNVL0w3NTB0R2U5R0pJ  
  
 Tue Feb 27 2018 15:32:34 GMT-0300 (SA Eastern Standard Time)
[debug] [2018-02-27T18:32:35.077Z] >>> HTTP REQUEST GET https://cloudfunctions.googleapis.com/v1/operations/ZnJpZW5kLXNlcnZpY2UtMTVmNmUvdXMtY2VudHJhbDEvYWRkVXNlclRvRXhwZW5zZS9Ob2ZMV284alptYw  
  
 Tue Feb 27 2018 15:32:35 GMT-0300 (SA Eastern Standard Time)
[debug] [2018-02-27T18:32:35.301Z] >>> HTTP REQUEST GET https://cloudfunctions.googleapis.com/v1/operations/ZnJpZW5kLXNlcnZpY2UtMTVmNmUvdXMtY2VudHJhbDEvZGVsZXRlVXNlclRvRXhwZW5zZS9JMDJvakh6NzQydw  
  
 Tue Feb 27 2018 15:32:35 GMT-0300 (SA Eastern Standard Time)
[debug] [2018-02-27T18:32:35.628Z] >>> HTTP REQUEST GET https://cloudfunctions.googleapis.com/v1/operations/ZnJpZW5kLXNlcnZpY2UtMTVmNmUvdXMtY2VudHJhbDEvZGVsRXhwZW5zZS9rZUstNUNmSFVZaw  
  
 Tue Feb 27 2018 15:32:35 GMT-0300 (SA Eastern Standard Time)
[debug] [2018-02-27T18:32:35.640Z] >>> HTTP REQUEST GET https://cloudfunctions.googleapis.com/v1/operations/ZnJpZW5kLXNlcnZpY2UtMTVmNmUvdXMtY2VudHJhbDEvcmVjYWxjdWxhdGVSZWxhdGlvbnNEL3k1TFplSVJkVzlF  
  
 Tue Feb 27 2018 15:32:35 GMT-0300 (SA Eastern Standard Time)
[debug] [2018-02-27T18:32:35.725Z] <<< HTTP RESPONSE 200
[info] +  functions[recalculateRelationsU]: Successful delete operation. 
[debug] [2018-02-27T18:32:35.984Z] <<< HTTP RESPONSE 200
[debug] [2018-02-27T18:32:35.984Z] <<< HTTP RESPONSE 200
[debug] [2018-02-27T18:32:35.986Z] <<< HTTP RESPONSE 200
[info] +  functions[recalculateRelationsD]: Successful delete operation. 
[debug] [2018-02-27T18:32:36.082Z] <<< HTTP RESPONSE 200
[debug] [2018-02-27T18:32:36.447Z] >>> HTTP REQUEST GET https://cloudfunctions.googleapis.com/v1/operations/ZnJpZW5kLXNlcnZpY2UtMTVmNmUvdXMtY2VudHJhbDEvcmVjYWxjdWxhdGVSZWxhdGlvbnNPbldyaXRlL2lNUkFuUmZrS180  
  
 Tue Feb 27 2018 15:32:36 GMT-0300 (SA Eastern Standard Time)
[debug] [2018-02-27T18:32:36.737Z] <<< HTTP RESPONSE 200
[debug] [2018-02-27T18:32:37.984Z] >>> HTTP REQUEST GET https://cloudfunctions.googleapis.com/v1/operations/ZnJpZW5kLXNlcnZpY2UtMTVmNmUvdXMtY2VudHJhbDEvZGVsZXRlVXNlclRvRXhwZW5zZS9JMDJvakh6NzQydw  
  
 Tue Feb 27 2018 15:32:37 GMT-0300 (SA Eastern Standard Time)
[debug] [2018-02-27T18:32:37.986Z] >>> HTTP REQUEST GET https://cloudfunctions.googleapis.com/v1/operations/ZnJpZW5kLXNlcnZpY2UtMTVmNmUvdXMtY2VudHJhbDEvZGVsRXhwZW5zZS9rZUstNUNmSFVZaw  
  
 Tue Feb 27 2018 15:32:37 GMT-0300 (SA Eastern Standard Time)
[debug] [2018-02-27T18:32:38.092Z] >>> HTTP REQUEST GET https://cloudfunctions.googleapis.com/v1/operations/ZnJpZW5kLXNlcnZpY2UtMTVmNmUvdXMtY2VudHJhbDEvYWRkVXNlclRvRXhwZW5zZS9Ob2ZMV284alptYw  
  
 Tue Feb 27 2018 15:32:38 GMT-0300 (SA Eastern Standard Time)
[debug] [2018-02-27T18:32:38.724Z] <<< HTTP RESPONSE 200
[debug] [2018-02-27T18:32:38.738Z] >>> HTTP REQUEST GET https://cloudfunctions.googleapis.com/v1/operations/ZnJpZW5kLXNlcnZpY2UtMTVmNmUvdXMtY2VudHJhbDEvcmVjYWxjdWxhdGVSZWxhdGlvbnNPbldyaXRlL2lNUkFuUmZrS180  
  
 Tue Feb 27 2018 15:32:38 GMT-0300 (SA Eastern Standard Time)
[debug] [2018-02-27T18:32:38.974Z] <<< HTTP RESPONSE 200
[debug] [2018-02-27T18:32:39.021Z] <<< HTTP RESPONSE 200
[debug] [2018-02-27T18:32:39.423Z] <<< HTTP RESPONSE 200
[debug] [2018-02-27T18:32:40.725Z] >>> HTTP REQUEST GET https://cloudfunctions.googleapis.com/v1/operations/ZnJpZW5kLXNlcnZpY2UtMTVmNmUvdXMtY2VudHJhbDEvZGVsRXhwZW5zZS9rZUstNUNmSFVZaw  
  
 Tue Feb 27 2018 15:32:40 GMT-0300 (SA Eastern Standard Time)
[debug] [2018-02-27T18:32:40.975Z] >>> HTTP REQUEST GET https://cloudfunctions.googleapis.com/v1/operations/ZnJpZW5kLXNlcnZpY2UtMTVmNmUvdXMtY2VudHJhbDEvYWRkVXNlclRvRXhwZW5zZS9Ob2ZMV284alptYw  
  
 Tue Feb 27 2018 15:32:40 GMT-0300 (SA Eastern Standard Time)
[debug] [2018-02-27T18:32:41.043Z] >>> HTTP REQUEST GET https://cloudfunctions.googleapis.com/v1/operations/ZnJpZW5kLXNlcnZpY2UtMTVmNmUvdXMtY2VudHJhbDEvcmVjYWxjdWxhdGVSZWxhdGlvbnNPbldyaXRlL2lNUkFuUmZrS180  
  
 Tue Feb 27 2018 15:32:41 GMT-0300 (SA Eastern Standard Time)
[debug] [2018-02-27T18:32:41.349Z] <<< HTTP RESPONSE 200
[debug] [2018-02-27T18:32:41.435Z] >>> HTTP REQUEST GET https://cloudfunctions.googleapis.com/v1/operations/ZnJpZW5kLXNlcnZpY2UtMTVmNmUvdXMtY2VudHJhbDEvZGVsZXRlVXNlclRvRXhwZW5zZS9JMDJvakh6NzQydw  
  
 Tue Feb 27 2018 15:32:41 GMT-0300 (SA Eastern Standard Time)
[debug] [2018-02-27T18:32:41.724Z] <<< HTTP RESPONSE 200
[debug] [2018-02-27T18:32:41.739Z] <<< HTTP RESPONSE 200
[debug] [2018-02-27T18:32:41.967Z] <<< HTTP RESPONSE 200
[debug] [2018-02-27T18:32:43.350Z] >>> HTTP REQUEST GET https://cloudfunctions.googleapis.com/v1/operations/ZnJpZW5kLXNlcnZpY2UtMTVmNmUvdXMtY2VudHJhbDEvcmVjYWxjdWxhdGVSZWxhdGlvbnNPbldyaXRlL2lNUkFuUmZrS180  
  
 Tue Feb 27 2018 15:32:43 GMT-0300 (SA Eastern Standard Time)
[debug] [2018-02-27T18:32:43.733Z] >>> HTTP REQUEST GET https://cloudfunctions.googleapis.com/v1/operations/ZnJpZW5kLXNlcnZpY2UtMTVmNmUvdXMtY2VudHJhbDEvZGVsZXRlVXNlclRvRXhwZW5zZS9JMDJvakh6NzQydw  
  
 Tue Feb 27 2018 15:32:43 GMT-0300 (SA Eastern Standard Time)
[debug] [2018-02-27T18:32:43.741Z] >>> HTTP REQUEST GET https://cloudfunctions.googleapis.com/v1/operations/ZnJpZW5kLXNlcnZpY2UtMTVmNmUvdXMtY2VudHJhbDEvZGVsRXhwZW5zZS9rZUstNUNmSFVZaw  
  
 Tue Feb 27 2018 15:32:43 GMT-0300 (SA Eastern Standard Time)
[debug] [2018-02-27T18:32:43.968Z] >>> HTTP REQUEST GET https://cloudfunctions.googleapis.com/v1/operations/ZnJpZW5kLXNlcnZpY2UtMTVmNmUvdXMtY2VudHJhbDEvYWRkVXNlclRvRXhwZW5zZS9Ob2ZMV284alptYw  
  
 Tue Feb 27 2018 15:32:43 GMT-0300 (SA Eastern Standard Time)
[debug] [2018-02-27T18:32:44.326Z] <<< HTTP RESPONSE 200
[debug] [2018-02-27T18:32:44.733Z] <<< HTTP RESPONSE 200
[debug] [2018-02-27T18:32:44.738Z] <<< HTTP RESPONSE 200
[debug] [2018-02-27T18:32:44.992Z] <<< HTTP RESPONSE 200
[debug] [2018-02-27T18:32:46.328Z] >>> HTTP REQUEST GET https://cloudfunctions.googleapis.com/v1/operations/ZnJpZW5kLXNlcnZpY2UtMTVmNmUvdXMtY2VudHJhbDEvcmVjYWxjdWxhdGVSZWxhdGlvbnNPbldyaXRlL2lNUkFuUmZrS180  
  
 Tue Feb 27 2018 15:32:46 GMT-0300 (SA Eastern Standard Time)
[debug] [2018-02-27T18:32:46.734Z] >>> HTTP REQUEST GET https://cloudfunctions.googleapis.com/v1/operations/ZnJpZW5kLXNlcnZpY2UtMTVmNmUvdXMtY2VudHJhbDEvZGVsZXRlVXNlclRvRXhwZW5zZS9JMDJvakh6NzQydw  
  
 Tue Feb 27 2018 15:32:46 GMT-0300 (SA Eastern Standard Time)
[debug] [2018-02-27T18:32:46.738Z] <<< HTTP RESPONSE 200
[info] +  functions[recalculateRelationsOnWrite]: Successful create operation. 
[debug] [2018-02-27T18:32:46.744Z] >>> HTTP REQUEST GET https://cloudfunctions.googleapis.com/v1/operations/ZnJpZW5kLXNlcnZpY2UtMTVmNmUvdXMtY2VudHJhbDEvZGVsRXhwZW5zZS9rZUstNUNmSFVZaw  
  
 Tue Feb 27 2018 15:32:46 GMT-0300 (SA Eastern Standard Time)
[debug] [2018-02-27T18:32:46.994Z] >>> HTTP REQUEST GET https://cloudfunctions.googleapis.com/v1/operations/ZnJpZW5kLXNlcnZpY2UtMTVmNmUvdXMtY2VudHJhbDEvYWRkVXNlclRvRXhwZW5zZS9Ob2ZMV284alptYw  
  
 Tue Feb 27 2018 15:32:46 GMT-0300 (SA Eastern Standard Time)
[debug] [2018-02-27T18:32:47.770Z] <<< HTTP RESPONSE 200
[debug] [2018-02-27T18:32:47.782Z] <<< HTTP RESPONSE 200
[info] +  functions[delExpense]: Successful update operation. 
[debug] [2018-02-27T18:32:48.271Z] <<< HTTP RESPONSE 200
[info] +  functions[addUserToExpense]: Successful update operation. 
[debug] [2018-02-27T18:32:49.785Z] >>> HTTP REQUEST GET https://cloudfunctions.googleapis.com/v1/operations/ZnJpZW5kLXNlcnZpY2UtMTVmNmUvdXMtY2VudHJhbDEvZGVsZXRlVXNlclRvRXhwZW5zZS9JMDJvakh6NzQydw  
  
 Tue Feb 27 2018 15:32:49 GMT-0300 (SA Eastern Standard Time)
[debug] [2018-02-27T18:32:50.943Z] <<< HTTP RESPONSE 200
[info] +  functions[deleteUserToExpense]: Successful update operation. 
[debug] [2018-02-27T18:34:54.668Z] ----------------------------------------------------------------------
[debug] [2018-02-27T18:34:54.671Z] Command:       C:\Program Files\nodejs\node.exe C:\Users\sgarc10\AppData\Roaming\npm\node_modules\firebase-tools\bin\firebase deploy --only functions
[debug] [2018-02-27T18:34:54.671Z] CLI Version:   3.17.4
[debug] [2018-02-27T18:34:54.671Z] Platform:      win32
[debug] [2018-02-27T18:34:54.672Z] Node Version:  v8.9.4
[debug] [2018-02-27T18:34:54.674Z] Time:          Tue Feb 27 2018 15:34:54 GMT-0300 (SA Eastern Standard Time)
[debug] [2018-02-27T18:34:54.674Z] ----------------------------------------------------------------------
[debug] 
[debug] [2018-02-27T18:34:54.704Z] > command requires scopes: ["email","openid","https://www.googleapis.com/auth/cloudplatformprojects.readonly","https://www.googleapis.com/auth/firebase","https://www.googleapis.com/auth/cloud-platform"]
[debug] [2018-02-27T18:34:54.706Z] > authorizing via signed-in user
[debug] [2018-02-27T18:34:54.710Z] >>> HTTP REQUEST GET https://admin.firebase.com/v1/projects/friend-service-15f6e  
  
 Tue Feb 27 2018 15:34:54 GMT-0300 (SA Eastern Standard Time)
[debug] [2018-02-27T18:34:57.808Z] <<< HTTP RESPONSE 200
[debug] [2018-02-27T18:34:57.809Z] >>> HTTP REQUEST GET https://admin.firebase.com/v1/database/friend-service-15f6e/tokens  
  
 Tue Feb 27 2018 15:34:57 GMT-0300 (SA Eastern Standard Time)
[debug] [2018-02-27T18:35:26.288Z] <<< HTTP RESPONSE 200
[info] 
[info] === Deploying to 'friend-service-15f6e'...
[info] 
[info] i  deploying functions
[info] Running command: npm --prefix ./functions run lint
[info] Running command: npm --prefix ./functions run build
[info] +  functions: Finished running predeploy script.
[debug] [2018-02-27T18:35:40.254Z] > [functions] package.json contents: {
  "name": "functions",
  "scripts": {
    "lint": "./node_modules/.bin/tslint -p tslint.json",
    "build": "./node_modules/.bin/tsc",
    "serve": "npm run build && firebase serve --only functions",
    "shell": "npm run build && firebase experimental:functions:shell",
    "start": "npm run shell",
    "deploy": "firebase deploy --only functions",
    "logs": "firebase functions:log"
  },
  "main": "lib/index.js",
  "dependencies": {
    "firebase-admin": "~5.8.1",
    "firebase-functions": "^0.8.1"
  },
  "devDependencies": {
    "tslint": "^5.8.0",
    "typescript": "^2.5.3"
  },
  "private": true
}
[info] i  functions: ensuring necessary APIs are enabled...
[debug] [2018-02-27T18:35:40.254Z] >>> HTTP REQUEST GET https://servicemanagement.googleapis.com/v1/services/cloudfunctions.googleapis.com/projectSettings/friend-service-15f6e?view=CONSUMER_VIEW  
  
 Tue Feb 27 2018 15:35:40 GMT-0300 (SA Eastern Standard Time)
[debug] [2018-02-27T18:35:40.254Z] >>> HTTP REQUEST GET https://servicemanagement.googleapis.com/v1/services/runtimeconfig.googleapis.com/projectSettings/friend-service-15f6e?view=CONSUMER_VIEW  
  
 Tue Feb 27 2018 15:35:40 GMT-0300 (SA Eastern Standard Time)
[debug] [2018-02-27T18:35:44.809Z] <<< HTTP RESPONSE 200
[debug] [2018-02-27T18:35:46.178Z] <<< HTTP RESPONSE 200
[info] +  functions: all necessary APIs are enabled
[debug] [2018-02-27T18:35:46.188Z] >>> HTTP REQUEST GET https://appengine.googleapis.com/v1/apps/friend-service-15f6e  
  
 Tue Feb 27 2018 15:35:46 GMT-0300 (SA Eastern Standard Time)
[debug] [2018-02-27T18:35:46.188Z] >>> HTTP REQUEST GET https://apikeys.googleapis.com/v1/projects/friend-service-15f6e/apiKeys  
  
 Tue Feb 27 2018 15:35:46 GMT-0300 (SA Eastern Standard Time)
[info] 

There was an issue deploying your functions. Verify that your project has a Google App Engine instance setup at https://console.cloud.google.com/appengine and try again. If this issue persists, please contact support.
[debug] [2018-02-27T18:35:51.682Z] Error: read ECONNRESET
    at _errnoException (util.js:1022:11)
    at TLSWrap.onread (net.js:615:25)
[error] 
[error] Error: Server Error. read ECONNRESET
[debug] [2018-02-27T18:36:09.684Z] ----------------------------------------------------------------------
[debug] [2018-02-27T18:36:09.694Z] Command:       C:\Program Files\nodejs\node.exe C:\Users\sgarc10\AppData\Roaming\npm\node_modules\firebase-tools\bin\firebase deploy --only functions
[debug] [2018-02-27T18:36:09.694Z] CLI Version:   3.17.4
[debug] [2018-02-27T18:36:09.694Z] Platform:      win32
[debug] [2018-02-27T18:36:09.694Z] Node Version:  v8.9.4
[debug] [2018-02-27T18:36:09.694Z] Time:          Tue Feb 27 2018 15:36:09 GMT-0300 (SA Eastern Standard Time)
[debug] [2018-02-27T18:36:09.694Z] ----------------------------------------------------------------------
[debug] 
[debug] [2018-02-27T18:36:09.714Z] > command requires scopes: ["email","openid","https://www.googleapis.com/auth/cloudplatformprojects.readonly","https://www.googleapis.com/auth/firebase","https://www.googleapis.com/auth/cloud-platform"]
[debug] [2018-02-27T18:36:09.724Z] > authorizing via signed-in user
[debug] [2018-02-27T18:36:09.724Z] >>> HTTP REQUEST GET https://admin.firebase.com/v1/projects/friend-service-15f6e  
  
 Tue Feb 27 2018 15:36:09 GMT-0300 (SA Eastern Standard Time)
[debug] [2018-02-27T18:36:12.681Z] <<< HTTP RESPONSE 200
[debug] [2018-02-27T18:36:12.683Z] >>> HTTP REQUEST GET https://admin.firebase.com/v1/database/friend-service-15f6e/tokens  
  
 Tue Feb 27 2018 15:36:12 GMT-0300 (SA Eastern Standard Time)
